Removed Pin From Net: NetName=3.3VCC Pin=C18-1
Removed Pin From Net: NetName=GND Pin=C28-1
Removed Pin From Net: NetName=GND Pin=C55-1
Removed Pin From Net: NetName=3.3VCC Pin=FB5-1
Removed Pin From Net: NetName=3.3VCC Pin=FB7-1
Removed Pin From Net: NetName=3.3VCC Pin=U2-3
Removed Pin From Net: NetName=GND Pin=U2-4
Removed Member From Class: ClassName=ATSAM3X8E Main Controller - TR R1.1 Member=C28
Removed Member From Class: ClassName=ATSAM3X8E Main Controller - TR R1.1 Member=C55
Removed Member From Class: ClassName=ATSAM3X8E Main Controller - TR R1.1 Member=FB5
Removed Member From Class: ClassName=ATSAM3X8E Main Controller - TR R1.1 Member=FB7
Change Component Footprint: Designator=FB4 Old Footprint=BLM18PG121SN1D New Footprint=C0805
Change Component Footprint: Designator=FB6 Old Footprint=BLM18PG121SN1D New Footprint=C0805
Change Component Footprint: Designator=FB8 Old Footprint=BLM18PG121SN1D New Footprint=C0805
Change Component Footprint: Designator=C11 Old Footprint=C0603 New Footprint=C0402
Change Component Footprint: Designator=C28 Old Footprint=C0603 New Footprint=C0402
Change Component Footprint: Designator=C55 Old Footprint=C0603 New Footprint=C0402
Change Component Footprint: Designator=C18 Old Footprint=EEE-1VA101XP New Footprint=C0402
Change Component Footprint: Designator=U2 Old Footprint=SOT230P700X190-4N New Footprint=TDFN1616-6LD-PL-1
Change Component Comment : Designator=C11 Old Comment=100nF New Comment=0402
Change Component Comment : Designator=C28 Old Comment=0603 New Comment=0402
Change Component Comment : Designator=C55 Old Comment=0603 New Comment=0402
Change Component Comment : Designator=FB4 Old Comment=BLM15HG601SN1D New Comment=LQM21FN100M70L
Change Component Comment : Designator=FB6 Old Comment=BLM15HG601SN1D New Comment=LQM21FN100M70L
Change Component Comment : Designator=FB8 Old Comment=BLM15HG601SN1D New Comment=LQM21FN100M70L
Change Component Comment : Designator=C18 Old Comment=EEE-1VA101XP New Comment=1uF
Change Component Comment : Designator=U2 Old Comment=MIC5209-3.3YS New Comment=MIC5353-3.3YMT-TR
Change Component Designator: OldDesignator=C18 NewDesignator=C28
Change Component Designator: OldDesignator=C28 NewDesignator=C18
Change Component Designator: OldDesignator=C55 NewDesignator=C70
Change Component Designator: OldDesignator=FB4 NewDesignator=L2
Change Component Designator: OldDesignator=FB6 NewDesignator=L3
Change Component Designator: OldDesignator=FB8 NewDesignator=L4
Added Component: Designator=C76(C0805)
Added Pin To Net: NetName=GND Pin=C18-2
Added Pin To Net: NetName=+5VCC Pin=C28-1
Added Pin To Net: NetName=3.3VCC Pin=C53-1
Added Pin To Net: NetName=3.3VCC Pin=C54-1
Added Pin To Net: NetName=+5VCC Pin=C70-1
Added Pin To Net: NetName=GND Pin=C70-2
Added Pin To Net: NetName=3.3VCC Pin=C76-1
Added Pin To Net: NetName=GND Pin=C76-2
Added Pin To Net: NetName=+5VCC Pin=U2-3
Added Pin To Net: NetName=3.3VCC Pin=U2-4
Added Pin To Net: NetName=GND Pin=U2-7
Added Pin To Net: NetName=3.3VCC Pin=U3-52
Added Pin To Net: NetName=3.3VCC Pin=U3-57
Change Net Name : Old Net Name=3.3VCC New Net Name=VDDBU
Added Pin To Net: NetName=NetC18_1 Pin=C18-1
Added Pin To Net: NetName=NetC18_1 Pin=U2-6
Added Net: Name=NetC18_1
Added Member To Class: ClassName=Designator Member=Component C28 1uF
Added Member To Class: ClassName=Designator Member=Component C70 0402
Added Member To Class: ClassName=Designator Member=Component C76 10uF
