Removed Pin From Net: NetName=GND Pin=C12_M1-1
Removed Pin From Net: NetName=3.3VCC Pin=C12_M1-2
Removed Pin From Net: NetName=GND Pin=C12_M2-1
Removed Pin From Net: NetName=3.3VCC Pin=C12_M2-2
Removed Pin From Net: NetName=GND Pin=C12_M3-1
Removed Pin From Net: NetName=3.3VCC Pin=C12_M3-2
Removed Pin From Net: NetName=GND Pin=C12_M4-1
Removed Pin From Net: NetName=3.3VCC Pin=C12_M4-2
Removed Pin From Net: NetName=GND Pin=C14_M1-1
Removed Pin From Net: NetName=3.3VCC Pin=C14_M1-2
Removed Pin From Net: NetName=GND Pin=C14_M2-1
Removed Pin From Net: NetName=3.3VCC Pin=C14_M2-2
Removed Pin From Net: NetName=GND Pin=C14_M3-1
Removed Pin From Net: NetName=3.3VCC Pin=C14_M3-2
Removed Pin From Net: NetName=GND Pin=C14_M4-1
Removed Pin From Net: NetName=3.3VCC Pin=C14_M4-2
Removed Member From Class: ClassName=M1 Member=C12_M1
Removed Member From Class: ClassName=M2 Member=C12_M2
Removed Member From Class: ClassName=M3 Member=C12_M3
Removed Member From Class: ClassName=M4 Member=C12_M4
Removed Member From Class: ClassName=M1 Member=C14_M1
Removed Member From Class: ClassName=M2 Member=C14_M2
Removed Member From Class: ClassName=M3 Member=C14_M3
Removed Member From Class: ClassName=M4 Member=C14_M4
Added Component: Designator=R4_M1(R0402)
Added Component: Designator=R4_M2(R0402)
Added Component: Designator=R4_M3(R0402)
Added Component: Designator=R4_M4(R0402)
Added Component: Designator=R44_M1(R0402)
Added Component: Designator=R44_M2(R0402)
Added Component: Designator=R44_M3(R0402)
Added Component: Designator=R44_M4(R0402)
Added Pin To Net: NetName=3.3VCC Pin=R4_M1-2
Added Pin To Net: NetName=3.3VCC Pin=R4_M2-2
Added Pin To Net: NetName=3.3VCC Pin=R4_M3-2
Added Pin To Net: NetName=3.3VCC Pin=R4_M4-2
Added Pin To Net: NetName=GND Pin=R44_M1-1
Added Pin To Net: NetName=GND Pin=R44_M2-1
Added Pin To Net: NetName=GND Pin=R44_M3-1
Added Pin To Net: NetName=GND Pin=R44_M4-1
Added Pin To Net: NetName=DECAY_M1 Pin=R4_M1-1
Added Pin To Net: NetName=DECAY_M1 Pin=R44_M1-2
Added Pin To Net: NetName=DECAY_M1 Pin=U7_M1-19
Added Net: Name=DECAY_M1
Added Pin To Net: NetName=DECAY_M2 Pin=R4_M2-1
Added Pin To Net: NetName=DECAY_M2 Pin=R44_M2-2
Added Pin To Net: NetName=DECAY_M2 Pin=U7_M2-19
Added Net: Name=DECAY_M2
Added Pin To Net: NetName=DECAY_M3 Pin=R4_M3-1
Added Pin To Net: NetName=DECAY_M3 Pin=R44_M3-2
Added Pin To Net: NetName=DECAY_M3 Pin=U7_M3-19
Added Net: Name=DECAY_M3
Added Pin To Net: NetName=DECAY_M4 Pin=R4_M4-1
Added Pin To Net: NetName=DECAY_M4 Pin=R44_M4-2
Added Pin To Net: NetName=DECAY_M4 Pin=U7_M4-19
Added Net: Name=DECAY_M4
Added Member To Class: ClassName=M1 Member=Component R4_M1 (R4) NP
Added Member To Class: ClassName=M2 Member=Component R4_M2 (R4) NP
Added Member To Class: ClassName=M3 Member=Component R4_M3 (R4) NP
Added Member To Class: ClassName=M4 Member=Component R4_M4 (R4) NP
Added Member To Class: ClassName=M1 Member=Component R44_M1 (R44) NP
Added Member To Class: ClassName=M2 Member=Component R44_M2 (R44) NP
Added Member To Class: ClassName=M3 Member=Component R44_M3 (R44) NP
Added Member To Class: ClassName=M4 Member=Component R44_M4 (R44) NP
