Removed Pin From Net: NetName=3.3VCC Pin=4D Display-1
Removed Pin From Net: NetName=3.3VCC Pin=4D Display-2
Removed Pin From Net: NetName=TXD1 Pin=4D Display-3
Removed Pin From Net: NetName=GND Pin=4D Display-4
Removed Pin From Net: NetName=RXD1 Pin=4D Display-5
Removed Pin From Net: NetName=I2C_SCL Pin=4D Display-6
Removed Pin From Net: NetName=GND Pin=4D Display-7
Removed Pin From Net: NetName=I2C_SDA Pin=4D Display-8
Removed Pin From Net: NetName=Net4D Display_9 Pin=4D Display-9
Removed Pin From Net: NetName=GPIO0_EXP Pin=4D Display-10
Removed Member From Class: ClassName=ATSAM3X8E Main Controller Member=4D Display
Added Component: Designator=P3(HDR2X5)
Added Pin To Net: NetName=3.3VCC Pin=P3-1
Added Pin To Net: NetName=3.3VCC Pin=P3-2
Added Pin To Net: NetName=TXD1 Pin=P3-3
Added Pin To Net: NetName=GND Pin=P3-4
Added Pin To Net: NetName=RXD1 Pin=P3-5
Added Pin To Net: NetName=I2C_SCL Pin=P3-6
Added Pin To Net: NetName=GND Pin=P3-7
Added Pin To Net: NetName=I2C_SDA Pin=P3-8
Added Pin To Net: NetName=Net4D Display_9 Pin=P3-9
Added Pin To Net: NetName=GPIO0_EXP Pin=P3-10
Change Net Name : Old Net Name=Net4D Display_9 New Net Name=NetP1_1
Added Member To Class: ClassName=ATSAM3X8E Main Controller Member=Component P3 Header 5X2
